2020-05-06 07:57:37.609  INFO 22040 --- [restartedMain] c.b.b.s.BpjjBeerServiceApplication       : Starting BpjjBeerServiceApplication on Balaji with PID 22040 (C:\117170\Learning\Brewery\bpjj-beer-service\target\classes started by vbala in C:\117170\Learning\Brewery\bpjj-beer-service)
2020-05-06 07:57:37.631  INFO 22040 --- [restartedMain] c.b.b.s.BpjjBeerServiceApplication       : No active profile set, falling back to default profiles: default
2020-05-06 07:57:37.707  INFO 22040 --- [restartedMain] .e.DevToolsPropertyDefaultsPostProcessor : Devtools property defaults active! Set 'spring.devtools.add-properties' to 'false' to disable
2020-05-06 07:57:37.708  INFO 22040 --- [restartedMain] .e.DevToolsPropertyDefaultsPostProcessor : For additional web related logging consider setting the 'logging.level.web' property to 'DEBUG'
2020-05-06 07:57:39.275  INFO 22040 --- [restartedMain] .s.d.r.c.RepositoryConfigurationDelegate : Bootstrapping Spring Data repositories in DEFAULT mode.
2020-05-06 07:57:39.437  INFO 22040 --- [restartedMain] .s.d.r.c.RepositoryConfigurationDelegate : Finished Spring Data repository scanning in 145ms. Found 1 repository interfaces.
2020-05-06 07:57:40.112  INFO 22040 --- [restartedMain] trationDelegate$BeanPostProcessorChecker : Bean 'org.springframework.transaction.annotation.ProxyTransactionManagementConfiguration' of type [org.springframework.transaction.annotation.ProxyTransactionManagementConfiguration$$EnhancerBySpringCGLIB$$7f1ec0df] is not eligible for getting processed by all BeanPostProcessors (for example: not eligible for auto-proxying)
2020-05-06 07:57:40.845  INFO 22040 --- [restartedMain] o.s.b.w.embedded.tomcat.TomcatWebServer  : Tomcat initialized with port(s): 8080 (http)
2020-05-06 07:57:40.894  INFO 22040 --- [restartedMain] o.apache.catalina.core.StandardService   : Starting service [Tomcat]
2020-05-06 07:57:40.896  INFO 22040 --- [restartedMain] org.apache.catalina.core.StandardEngine  : Starting Servlet engine: [Apache Tomcat/9.0.17]
2020-05-06 07:57:41.106  INFO 22040 --- [restartedMain] o.a.c.c.C.[Tomcat].[localhost].[/]       : Initializing Spring embedded WebApplicationContext
2020-05-06 07:57:41.107  INFO 22040 --- [restartedMain] o.s.web.context.ContextLoader            : Root WebApplicationContext: initialization completed in 3391 ms
2020-05-06 07:57:41.845  INFO 22040 --- [restartedMain] com.zaxxer.hikari.HikariDataSource       : HikariPool-1 - Starting...
2020-05-06 07:57:42.019  INFO 22040 --- [restartedMain] com.zaxxer.hikari.HikariDataSource       : HikariPool-1 - Start completed.
2020-05-06 07:57:42.145  INFO 22040 --- [restartedMain] o.hibernate.jpa.internal.util.LogHelper  : HHH000204: Processing PersistenceUnitInfo [
	name: default
	...]
2020-05-06 07:57:42.267  INFO 22040 --- [restartedMain] org.hibernate.Version                    : HHH000412: Hibernate Core {5.3.9.Final}
2020-05-06 07:57:42.270  INFO 22040 --- [restartedMain] org.hibernate.cfg.Environment            : HHH000206: hibernate.properties not found
2020-05-06 07:57:42.511  INFO 22040 --- [restartedMain] o.hibernate.annotations.common.Version   : HCANN000001: Hibernate Commons Annotations {5.0.4.Final}
2020-05-06 07:57:42.762  INFO 22040 --- [restartedMain] org.hibernate.dialect.Dialect            : HHH000400: Using dialect: org.hibernate.dialect.H2Dialect
2020-05-06 07:57:43.718  INFO 22040 --- [restartedMain] o.h.t.schema.internal.SchemaCreatorImpl  : HHH000476: Executing import script 'org.hibernate.tool.schema.internal.exec.ScriptSourceInputNonExistentImpl@50ad7fff'
2020-05-06 07:57:43.724  INFO 22040 --- [restartedMain] j.LocalContainerEntityManagerFactoryBean : Initialized JPA EntityManagerFactory for persistence unit 'default'
2020-05-06 07:57:43.791  WARN 22040 --- [restartedMain] o.s.b.d.a.OptionalLiveReloadServer       : Unable to start LiveReload server
2020-05-06 07:57:44.663  INFO 22040 --- [restartedMain] o.s.s.concurrent.ThreadPoolTaskExecutor  : Initializing ExecutorService 'applicationTaskExecutor'
2020-05-06 07:57:44.723  WARN 22040 --- [restartedMain] aWebConfiguration$JpaWebMvcConfiguration : spring.jpa.open-in-view is enabled by default. Therefore, database queries may be performed during view rendering. Explicitly configure spring.jpa.open-in-view to disable this warning
2020-05-06 07:57:45.136  INFO 22040 --- [restartedMain] o.s.b.a.e.web.EndpointLinksResolver      : Exposing 2 endpoint(s) beneath base path '/actuator'
2020-05-06 07:57:45.272  INFO 22040 --- [restartedMain] o.s.b.w.embedded.tomcat.TomcatWebServer  : Tomcat started on port(s): 8080 (http) with context path ''
2020-05-06 07:57:45.278  INFO 22040 --- [restartedMain] c.b.b.s.BpjjBeerServiceApplication       : Started BpjjBeerServiceApplication in 8.278 seconds (JVM running for 10.673)
2020-05-06 07:57:48.401  INFO 22040 --- [RMI TCP Connection(4)-10.0.75.1] o.a.c.c.C.[Tomcat].[localhost].[/]       : Initializing Spring DispatcherServlet 'dispatcherServlet'
2020-05-06 07:57:48.405  INFO 22040 --- [RMI TCP Connection(4)-10.0.75.1] o.s.web.servlet.DispatcherServlet        : Initializing Servlet 'dispatcherServlet'
2020-05-06 07:57:48.425  INFO 22040 --- [RMI TCP Connection(4)-10.0.75.1] o.s.web.servlet.DispatcherServlet        : Completed initialization in 19 ms
2020-05-06 07:57:52.682  INFO 22040 --- [http-nio-8080-exec-3] o.h.h.i.QueryTranslatorFactoryInitiator  : HHH000397: Using ASTQueryTranslatorFactory
2020-05-06 07:58:36.752  INFO 22040 --- [http-nio-8080-exec-4] c.b.b.s.web.mapper.BeerMapperDecorator   : Beer Id:0a818933-087d-47f2-ad83-2f986ed087eb
2020-05-06 07:58:36.753  INFO 22040 --- [http-nio-8080-exec-4] c.b.b.s.web.mapper.BeerMapperDecorator   : Beer Dto Id:0a818933-087d-47f2-ad83-2f986ed087eb
2020-05-06 07:58:36.754  INFO 22040 --- [http-nio-8080-exec-4] s.i.BeerInventoryServiceRestTemplateImpl : Calling Inventory service
2020-05-06 07:58:37.071  INFO 22040 --- [http-nio-8080-exec-4] c.b.b.s.web.mapper.BeerMapperDecorator   : Beer Id:a712d914-61ea-4623-8bd0-32c0f6545bfd
2020-05-06 07:58:37.072  INFO 22040 --- [http-nio-8080-exec-4] c.b.b.s.web.mapper.BeerMapperDecorator   : Beer Dto Id:a712d914-61ea-4623-8bd0-32c0f6545bfd
2020-05-06 07:58:37.073  INFO 22040 --- [http-nio-8080-exec-4] s.i.BeerInventoryServiceRestTemplateImpl : Calling Inventory service
2020-05-06 07:58:37.091  INFO 22040 --- [http-nio-8080-exec-4] c.b.b.s.web.mapper.BeerMapperDecorator   : Beer Id:026cc3c8-3a0c-4083-a05b-e908048c1b08
2020-05-06 07:58:37.091  INFO 22040 --- [http-nio-8080-exec-4] c.b.b.s.web.mapper.BeerMapperDecorator   : Beer Dto Id:026cc3c8-3a0c-4083-a05b-e908048c1b08
2020-05-06 07:58:37.092  INFO 22040 --- [http-nio-8080-exec-4] s.i.BeerInventoryServiceRestTemplateImpl : Calling Inventory service
